<?xml version="1.0" encoding="UTF-8"?>
<!-- Generated by org.testng.reporters.JUnitXMLReporter -->
<testsuite ignored="0" hostname="QT-INBG-LT0386" failures="0" tests="16" name="Test" time="172.379" errors="0" timestamp="2022-09-19T16:19:54 IST">
  <testcase classname="intro.signup3" name="main" time="13.191"/>
  <testcase classname="intro.signup3" name="main" time="8.091"/>
  <testcase classname="intro.signup3" name="main" time="9.001"/>
  <testcase classname="intro.signup3" name="main" time="8.581"/>
  <testcase classname="intro.signup3" name="main" time="8.664"/>
  <testcase classname="intro.signup3" name="main" time="12.864"/>
  <testcase classname="intro.signin3" name="signin3" time="11.156"/>
  <testcase classname="intro.signin3" name="signin3" time="9.629"/>
  <testcase classname="intro.signin3" name="signin3" time="9.831"/>
  <testcase classname="intro.signin3" name="signin3" time="10.032"/>
  <testcase classname="intro.signin3" name="signin3" time="10.756"/>
  <testcase classname="intro.contactus3" name="contactus3" time="12.091"/>
  <testcase classname="intro.contactus3" name="contactus3" time="12.359"/>
  <testcase classname="intro.contactus3" name="contactus3" time="14.433"/>
  <testcase classname="intro.contactus3" name="contactus3" time="10.934"/>
  <testcase classname="intro.contactus3" name="contactus3" time="10.695"/>
</testsuite> <!-- Test -->
