<?xml version="1.0" encoding="UTF-8"?>
<testng-results ignored="0" total="16" passed="16" failed="0" skipped="0">
  <reporter-output>
  </reporter-output>
  <suite started-at="2022-09-19T16:17:01 IST" name="Suite" finished-at="2022-09-19T16:19:54 IST" duration-ms="172379">
    <groups>
    </groups>
    <test started-at="2022-09-19T16:17:01 IST" name="Test" finished-at="2022-09-19T16:19:54 IST" duration-ms="172379">
      <class name="intro.signup3">
        <test-method signature="main(java.lang.String,java.lang.String,java.lang.String,java.lang.String,java.lang.String,java.lang.String,java.lang.String)[pri:0, instance:intro.signup3@10feca44]" started-at="2022-09-19T16:17:01 IST" name="main" data-provider="datas" finished-at="2022-09-19T16:17:14 IST" duration-ms="13191" status="PASS">
          <params>
            <param index="0">
              <value>
                <![CDATA[raghul]]>
              </value>
            </param>
            <param index="1">
              <value>
                <![CDATA[kumar]]>
              </value>
            </param>
            <param index="2">
              <value>
                <![CDATA[33raghul@gmail.com]]>
              </value>
            </param>
            <param index="3">
              <value>
                <![CDATA[Hr@01092000]]>
              </value>
            </param>
            <param index="4">
              <value>
                <![CDATA[01/09/2000]]>
              </value>
            </param>
            <param index="5">
              <value>
                <![CDATA[8144114005]]>
              </value>
            </param>
            <param index="6">
              <value>
                <![CDATA[hi i am raghul]]>
              </value>
            </param>
          </params>
          <reporter-output>
          </reporter-output>
        </test-method> <!-- main -->
        <test-method signature="main(java.lang.String,java.lang.String,java.lang.String,java.lang.String,java.lang.String,java.lang.String,java.lang.String)[pri:0, instance:intro.signup3@10feca44]" started-at="2022-09-19T16:17:14 IST" name="main" data-provider="datas" finished-at="2022-09-19T16:17:22 IST" duration-ms="8091" status="PASS">
          <params>
            <param index="0">
              <value>
                <![CDATA[raghul]]>
              </value>
            </param>
            <param index="1">
              <value>
                <![CDATA[k]]>
              </value>
            </param>
            <param index="2">
              <value>
                <![CDATA[33RAGHUL@gmail.com]]>
              </value>
            </param>
            <param index="3">
              <value>
                <![CDATA[H1]]>
              </value>
            </param>
            <param index="4">
              <value>
                <![CDATA[01/09/2000]]>
              </value>
            </param>
            <param index="5">
              <value>
                <![CDATA[81441]]>
              </value>
            </param>
            <param index="6">
              <value>
                <![CDATA[hi]]>
              </value>
            </param>
          </params>
          <reporter-output>
          </reporter-output>
        </test-method> <!-- main -->
        <test-method signature="main(java.lang.String,java.lang.String,java.lang.String,java.lang.String,java.lang.String,java.lang.String,java.lang.String)[pri:0, instance:intro.signup3@10feca44]" started-at="2022-09-19T16:17:22 IST" name="main" data-provider="datas" finished-at="2022-09-19T16:17:31 IST" duration-ms="9001" status="PASS">
          <params>
            <param index="0">
              <value>
                <![CDATA[ra]]>
              </value>
            </param>
            <param index="1">
              <value>
                <![CDATA[kumar]]>
              </value>
            </param>
            <param index="2">
              <value>
                <![CDATA[33raghul@gmail.com]]>
              </value>
            </param>
            <param index="3">
              <value>
                <![CDATA[01092000]]>
              </value>
            </param>
            <param index="4">
              <value>
                <![CDATA[01/09/2000]]>
              </value>
            </param>
            <param index="5">
              <value>
                <![CDATA[8144114005111111111]]>
              </value>
            </param>
            <param index="6">
              <value>
                <![CDATA[hi i am raghul]]>
              </value>
            </param>
          </params>
          <reporter-output>
          </reporter-output>
        </test-method> <!-- main -->
        <test-method signature="main(java.lang.String,java.lang.String,java.lang.String,java.lang.String,java.lang.String,java.lang.String,java.lang.String)[pri:0, instance:intro.signup3@10feca44]" started-at="2022-09-19T16:17:31 IST" name="main" data-provider="datas" finished-at="2022-09-19T16:17:40 IST" duration-ms="8581" status="PASS">
          <params>
            <param index="0">
              <value>
                <![CDATA[123456]]>
              </value>
            </param>
            <param index="1">
              <value>
                <![CDATA[kumar]]>
              </value>
            </param>
            <param index="2">
              <value>
                <![CDATA[33raghul@gmail.com]]>
              </value>
            </param>
            <param index="3">
              <value>
                <![CDATA[Hr@01092000]]>
              </value>
            </param>
            <param index="4">
              <value>
                <![CDATA[01/09/2000]]>
              </value>
            </param>
            <param index="5">
              <value>
                <![CDATA[8144114005]]>
              </value>
            </param>
            <param index="6">
              <value>
                <![CDATA[hi i am raghul]]>
              </value>
            </param>
          </params>
          <reporter-output>
          </reporter-output>
        </test-method> <!-- main -->
        <test-method signature="main(java.lang.String,java.lang.String,java.lang.String,java.lang.String,java.lang.String,java.lang.String,java.lang.String)[pri:0, instance:intro.signup3@10feca44]" started-at="2022-09-19T16:17:40 IST" name="main" data-provider="datas" finished-at="2022-09-19T16:17:49 IST" duration-ms="8664" status="PASS">
          <params>
            <param index="0">
              <value>
                <![CDATA[@#$%^]]>
              </value>
            </param>
            <param index="1">
              <value>
                <![CDATA[kumar]]>
              </value>
            </param>
            <param index="2">
              <value>
                <![CDATA[33raghul@gmail.com]]>
              </value>
            </param>
            <param index="3">
              <value>
                <![CDATA[Hr@01092000]]>
              </value>
            </param>
            <param index="4">
              <value>
                <![CDATA[01/09/2000]]>
              </value>
            </param>
            <param index="5">
              <value>
                <![CDATA[8144114005]]>
              </value>
            </param>
            <param index="6">
              <value>
                <![CDATA[hi i am raghul]]>
              </value>
            </param>
          </params>
          <reporter-output>
          </reporter-output>
        </test-method> <!-- main -->
        <test-method signature="main(java.lang.String,java.lang.String,java.lang.String,java.lang.String,java.lang.String,java.lang.String,java.lang.String)[pri:0, instance:intro.signup3@10feca44]" started-at="2022-09-19T16:17:49 IST" name="main" data-provider="datas" finished-at="2022-09-19T16:18:02 IST" duration-ms="12864" status="PASS">
          <params>
            <param index="0">
              <value>
                <![CDATA[raghul]]>
              </value>
            </param>
            <param index="1">
              <value>
                <![CDATA[12345678]]>
              </value>
            </param>
            <param index="2">
              <value>
                <![CDATA[33raghul@gmail.com]]>
              </value>
            </param>
            <param index="3">
              <value>
                <![CDATA[Hr@01092000]]>
              </value>
            </param>
            <param index="4">
              <value>
                <![CDATA[01/09/2000]]>
              </value>
            </param>
            <param index="5">
              <value>
                <![CDATA[8144114005]]>
              </value>
            </param>
            <param index="6">
              <value>
                <![CDATA[hi i am raghul]]>
              </value>
            </param>
          </params>
          <reporter-output>
          </reporter-output>
        </test-method> <!-- main -->
      </class> <!-- intro.signup3 -->
      <class name="intro.signin3">
        <test-method signature="signin3(java.lang.String,java.lang.String)[pri:0, instance:intro.signin3@2a54a73f]" started-at="2022-09-19T16:18:02 IST" name="signin3" data-provider="datas" finished-at="2022-09-19T16:18:13 IST" duration-ms="11156" status="PASS">
          <params>
            <param index="0">
              <value>
                <![CDATA[Raghul]]>
              </value>
            </param>
            <param index="1">
              <value>
                <![CDATA[h1]]>
              </value>
            </param>
          </params>
          <reporter-output>
          </reporter-output>
        </test-method> <!-- signin3 -->
        <test-method signature="signin3(java.lang.String,java.lang.String)[pri:0, instance:intro.signin3@2a54a73f]" started-at="2022-09-19T16:18:13 IST" name="signin3" data-provider="datas" finished-at="2022-09-19T16:18:22 IST" duration-ms="9629" status="PASS">
          <params>
            <param index="0">
              <value>
                <![CDATA[ra]]>
              </value>
            </param>
            <param index="1">
              <value>
                <![CDATA[hr1234]]>
              </value>
            </param>
          </params>
          <reporter-output>
          </reporter-output>
        </test-method> <!-- signin3 -->
        <test-method signature="signin3(java.lang.String,java.lang.String)[pri:0, instance:intro.signin3@2a54a73f]" started-at="2022-09-19T16:18:22 IST" name="signin3" data-provider="datas" finished-at="2022-09-19T16:18:32 IST" duration-ms="9831" status="PASS">
          <params>
            <param index="0">
              <value>
                <![CDATA[asdfghjkghjkertyuidfghxcvbfrghjkvbn]]>
              </value>
            </param>
            <param index="1">
              <value>
                <![CDATA[aaaaaassssssssssssss1234567890uytrewsdfghnbvf45678]]>
              </value>
            </param>
          </params>
          <reporter-output>
          </reporter-output>
        </test-method> <!-- signin3 -->
        <test-method signature="signin3(java.lang.String,java.lang.String)[pri:0, instance:intro.signin3@2a54a73f]" started-at="2022-09-19T16:18:32 IST" name="signin3" data-provider="datas" finished-at="2022-09-19T16:18:42 IST" duration-ms="10032" status="PASS">
          <params>
            <param index="0">
              <value>
                <![CDATA[Raghul]]>
              </value>
            </param>
            <param index="1">
              <value>
                <![CDATA[]]>
              </value>
            </param>
          </params>
          <reporter-output>
          </reporter-output>
        </test-method> <!-- signin3 -->
        <test-method signature="signin3(java.lang.String,java.lang.String)[pri:0, instance:intro.signin3@2a54a73f]" started-at="2022-09-19T16:18:42 IST" name="signin3" data-provider="datas" finished-at="2022-09-19T16:18:53 IST" duration-ms="10756" status="PASS">
          <params>
            <param index="0">
              <value>
                <![CDATA[]]>
              </value>
            </param>
            <param index="1">
              <value>
                <![CDATA[]]>
              </value>
            </param>
          </params>
          <reporter-output>
          </reporter-output>
        </test-method> <!-- signin3 -->
      </class> <!-- intro.signin3 -->
      <class name="intro.contactus3">
        <test-method signature="contactus3(java.lang.String,java.lang.String,java.lang.String,java.lang.String)[pri:0, instance:intro.contactus3@16a0ee18]" started-at="2022-09-19T16:18:53 IST" name="contactus3" data-provider="datas" finished-at="2022-09-19T16:19:05 IST" duration-ms="12091" status="PASS">
          <params>
            <param index="0">
              <value>
                <![CDATA[raghul]]>
              </value>
            </param>
            <param index="1">
              <value>
                <![CDATA[33raghul@gamil.com]]>
              </value>
            </param>
            <param index="2">
              <value>
                <![CDATA[8144114005]]>
              </value>
            </param>
            <param index="3">
              <value>
                <![CDATA[Hi raghul]]>
              </value>
            </param>
          </params>
          <reporter-output>
          </reporter-output>
        </test-method> <!-- contactus3 -->
        <test-method signature="contactus3(java.lang.String,java.lang.String,java.lang.String,java.lang.String)[pri:0, instance:intro.contactus3@16a0ee18]" started-at="2022-09-19T16:19:05 IST" name="contactus3" data-provider="datas" finished-at="2022-09-19T16:19:17 IST" duration-ms="12359" status="PASS">
          <params>
            <param index="0">
              <value>
                <![CDATA[ra]]>
              </value>
            </param>
            <param index="1">
              <value>
                <![CDATA[33raghul@gamil.com]]>
              </value>
            </param>
            <param index="2">
              <value>
                <![CDATA[8144114005]]>
              </value>
            </param>
            <param index="3">
              <value>
                <![CDATA[Hi raghul]]>
              </value>
            </param>
          </params>
          <reporter-output>
          </reporter-output>
        </test-method> <!-- contactus3 -->
        <test-method signature="contactus3(java.lang.String,java.lang.String,java.lang.String,java.lang.String)[pri:0, instance:intro.contactus3@16a0ee18]" started-at="2022-09-19T16:19:17 IST" name="contactus3" data-provider="datas" finished-at="2022-09-19T16:19:32 IST" duration-ms="14433" status="PASS">
          <params>
            <param index="0">
              <value>
                <![CDATA[raghul]]>
              </value>
            </param>
            <param index="1">
              <value>
                <![CDATA[33RAGHUL@gamil.com]]>
              </value>
            </param>
            <param index="2">
              <value>
                <![CDATA[8144]]>
              </value>
            </param>
            <param index="3">
              <value>
                <![CDATA[Hi raghul]]>
              </value>
            </param>
          </params>
          <reporter-output>
          </reporter-output>
        </test-method> <!-- contactus3 -->
        <test-method signature="contactus3(java.lang.String,java.lang.String,java.lang.String,java.lang.String)[pri:0, instance:intro.contactus3@16a0ee18]" started-at="2022-09-19T16:19:32 IST" name="contactus3" data-provider="datas" finished-at="2022-09-19T16:19:43 IST" duration-ms="10934" status="PASS">
          <params>
            <param index="0">
              <value>
                <![CDATA[r]]>
              </value>
            </param>
            <param index="1">
              <value>
                <![CDATA[]]>
              </value>
            </param>
            <param index="2">
              <value>
                <![CDATA[8144114005]]>
              </value>
            </param>
            <param index="3">
              <value>
                <![CDATA[]]>
              </value>
            </param>
          </params>
          <reporter-output>
          </reporter-output>
        </test-method> <!-- contactus3 -->
        <test-method signature="contactus3(java.lang.String,java.lang.String,java.lang.String,java.lang.String)[pri:0, instance:intro.contactus3@16a0ee18]" started-at="2022-09-19T16:19:43 IST" name="contactus3" data-provider="datas" finished-at="2022-09-19T16:19:54 IST" duration-ms="10695" status="PASS">
          <params>
            <param index="0">
              <value>
                <![CDATA[r     a       g]]>
              </value>
            </param>
            <param index="1">
              <value>
                <![CDATA[33raghul@gmail.com]]>
              </value>
            </param>
            <param index="2">
              <value>
                <![CDATA[8144114005]]>
              </value>
            </param>
            <param index="3">
              <value>
                <![CDATA[]]>
              </value>
            </param>
          </params>
          <reporter-output>
          </reporter-output>
        </test-method> <!-- contactus3 -->
      </class> <!-- intro.contactus3 -->
    </test> <!-- Test -->
  </suite> <!-- Suite -->
</testng-results>
